[LOG] System::create                           : Header version = 2.00.08. Current version = 2.00.08.
[LOG] Manager::init                            : maxchannels = 256 studioflags = 00000006 flags 00000000 extradriverdata 0x0.
[LOG] SystemI::init                            : Initialize version=20008 (108014), maxchannels=256, flags=0x00020000
[LOG] SystemI::setOutputInternal               : Setting output to 'FMOD Core Audio Output'
[LOG] OutputCoreAudio::init                    : Output running 2 channels at 44100Hz sample rate.
[LOG] OutputCoreAudio::init                    : Maximum hardware read size: 512 samples, Software buffer size: 512 samples, Number of software buffers: 4.
[WRN] SystemI::init                            : Output requires a sample rate of 44100Hz, resampling will occur.
[LOG] Thread::initThread                       : Init FMOD stream thread. Priority: 2, Stack Size: 98304, Semaphore: No, Sleep Time: 10, Looping: Yes.
[LOG] Thread::initThread                       : Init FMOD mixer thread. Priority: 3, Stack Size: 81920, Semaphore: Yes, Sleep Time: 0, Looping: Yes.
[LOG] AsyncManager::init                       : manager 0x7f96576f7a08 isAsync 0 updatePeriod 0.02
[LOG] AsyncManager::init                       : done
[LOG] PlaybackSystem::init                     : 
[LOG] Thread::initThread                       : Init FMOD Studio sample load thread. Priority: 0, Stack Size: 98304, Semaphore: No, Sleep Time: 1, Looping: No.
[LOG] PlaybackSystem::init                     : done
[LOG] Thread::initThread                       : Init FMOD Studio bank load thread. Priority: 0, Stack Size: 98304, Semaphore: No, Sleep Time: 1, Looping: No.
[LOG] Manager::init                            : done.
[LOG] Manager::readBank                        : fileversion = 125, compatVersion = 119 (oldest = 44, newest = 125)
[LOG] Manager::readBank                        : fileversion = 125, compatVersion = 119 (oldest = 44, newest = 125)
[LOG] Manager::readBank                        : fileversion = 125, compatVersion = 119 (oldest = 44, newest = 125)
[WRN] PluginEffectModel::init                  : Missing DSP plugin 'Resonance Audio Source'
[WRN] PostLoad::initPluginEffects              : Creating stub DSP plugin model and continuing.
[LOG] PlaybackSystem::acquireMasterBus         : Setting master channel group format to 6
[LOG] SoundI::release                          :  (0x7f965bb2bd58)
[LOG] SoundI::release                          :     Ordi_Fan_03_Random (0x7f965bbe95f8)
[LOG] SoundI::release                          :  (0x7f965bb151c8)
[LOG] SoundI::release                          :     Ordi_Fan_01_Random1 (0x7f965bba41c8)
[LOG] SoundI::release                          :  (0x7f965bb8be38)
[LOG] SoundI::release                          :     Ordi_Fan_01_Random2 (0x7f965bb77248)
[LOG] SoundI::release                          :  (0x7f965bb22188)
[LOG] SoundI::release                          :     Ordi_Fan_02_Random (0x7f965bbaeea8)
[LOG] SoundI::release                          :  (0x7f965bb98a48)
[LOG] SoundI::release                          :     LightBuzz_04_02 (0x7f965bb385b8)
[LOG] SoundI::release                          :  (0x7f965bb90258)
[LOG] SoundI::release                          :     LightBuzz_13_02 (0x7f965bb01c58)
[LOG] SoundI::release                          :  (0x7f965bb08608)
[LOG] SoundI::release                          :     LightBuzz_15_01 (0x7f965bb850e8)
[LOG] SoundI::release                          :  (0x7f965bb04dd8)
[LOG] SoundI::release                          :     LightBuzz_18_01-01 (0x7f965bb7d398)
[LOG] SoundI::release                          :  (0x7f965bbb6798)
[LOG] SoundI::release                          :     Light_Flick_Hard_01 (0x7f965bb4ffb8)
[LOG] SoundI::release                          :  (0x7f965bb8f628)
[LOG] SoundI::release                          :     Light_Flick_Hard_02 (0x7f965bbae4f8)
[LOG] SoundI::release                          :  (0x7f965bb26878)
[LOG] SoundI::release                          :     Light_Flick_Hard_03 (0x7f965bbf89b8)
[LOG] SoundI::release                          :  (0x7f965bb2f8c8)
[LOG] SoundI::release                          :     Light_Flick_Hard_04 (0x7f965bbdae08)
[LOG] SoundI::release                          :  (0x7f965bb83638)
[LOG] SoundI::release                          :     - Init -_1-05 (0x7f965bb623f8)
[LOG] SoundI::release                          :  (0x7f965bbb01f8)
[LOG] SoundI::release                          :     Light_Flick_01 (0x7f965bb4ba08)
[LOG] SoundI::release                          :  (0x7f965bb53f68)
[LOG] SoundI::release                          :     Light_Flick_Light_03 (0x7f965bbbf8d8)
[LOG] SoundI::release                          : Amb_Loop_03_3D (0x7f965d949528)
[LOG] SoundI::release                          :     Amb_Loop_03_3D (0x7f965bb0ed98)
[LOG] SoundI::release                          :     Amb_Loop_03_3D (0x7f965bb06e88)
[LOG] SoundI::release                          : Amb_ROmmTOne_01_3D (0x7f965d948f38)
[LOG] SoundI::release                          :     Amb_ROmmTOne_01_3D (0x7f965bb18038)
[LOG] SoundI::release                          :     Amb_ROmmTOne_01_3D (0x7f965bb11218)
[LOG] SoundI::release                          : Amb_Loop_05_3D (0x7f965d948948)
[LOG] SoundI::release                          :     Amb_Loop_05_3D (0x7f965bb1a368)
[LOG] SoundI::release                          :     Amb_Loop_05_3D (0x7f965bb19618)
[LOG] SoundI::release                          : Amb_Loop_01_3D (0x7f965d948358)
[LOG] SoundI::release                          :     Amb_Loop_01_3D (0x7f965bb1d008)
[LOG] SoundI::release                          :     Amb_Loop_01_3D (0x7f965bb1ca08)
[LOG] SoundI::release                          : Amb_Loop_04_3D (0x7f965d947d98)
[LOG] SoundI::release                          :     Amb_Loop_04_3D (0x7f965bb3bea8)
[LOG] SoundI::release                          :     Amb_Loop_04_3D (0x7f965bb33a98)
[LOG] SoundI::release                          : Amb_Loop_06_3D (0x7f965d94c1f8)
[LOG] SoundI::release                          :     Amb_Loop_06_3D (0x7f965585db08)
[LOG] SoundI::release                          :     Amb_Loop_06_3D (0x7f965585c1e8)
[LOG] SoundI::release                          : Amb_ROmmTOne_02_3D (0x7f965d94caf8)
[LOG] SoundI::release                          :     Amb_ROmmTOne_02_3D (0x7f9655867618)
[LOG] SoundI::release                          :     Amb_ROmmTOne_02_3D (0x7f9655867188)
[LOG] SoundI::release                          : Amb_Loop_03_3D (0x7f965d9462e8)
[LOG] SoundI::release                          :     Amb_Loop_03_3D (0x7f965d937658)
[LOG] SoundI::release                          :     Amb_Loop_03_3D (0x7f965d9377e8)
[LOG] SoundI::release                          : Amb_ROmmTOne_01_3D (0x7f965d945d48)
[LOG] SoundI::release                          :     Amb_ROmmTOne_01_3D (0x7f965d938798)
[LOG] SoundI::release                          :     Amb_ROmmTOne_01_3D (0x7f965d938928)
[LOG] SoundI::release                          : Amb_Loop_05_3D (0x7f965d9457a8)
[LOG] SoundI::release                          :     Amb_Loop_05_3D (0x7f965d936588)
[LOG] SoundI::release                          :     Amb_Loop_05_3D (0x7f965d936718)
[LOG] SoundI::release                          : Amb_Loop_01_3D (0x7f965d945378)
[LOG] SoundI::release                          :     Amb_Loop_01_3D (0x7f965d935c98)
[LOG] SoundI::release                          :     Amb_Loop_01_3D (0x7f965d935e28)
[LOG] SoundI::release                          : Amb_Loop_04_3D (0x7f965d94a638)
[LOG] SoundI::release                          :     Amb_Loop_04_3D (0x7f965d9353a8)
[LOG] SoundI::release                          :     Amb_Loop_04_3D (0x7f965d935538)
[LOG] SoundI::release                          : Amb_Loop_06_3D (0x7f965d94a098)
[LOG] SoundI::release                          :     Amb_Loop_06_3D (0x7f965d93a108)
[LOG] SoundI::release                          :     Amb_Loop_06_3D (0x7f965d933958)
[LOG] SoundI::release                          : Amb_ROmmTOne_02_3D (0x7f965d949af8)
[LOG] SoundI::release                          :     Amb_ROmmTOne_02_3D (0x7f965bba9bf8)
[LOG] SoundI::release                          :     Amb_ROmmTOne_02_3D (0x7f965bba7be8)
[LOG] SoundI::release                          : Instru_loop (0x7f965bbe5ab8)
[LOG] SoundI::release                          :     Instru_loop (0x7f965d965a88)
[LOG] SoundI::release                          :     Instru_loop (0x7f965d965ce8)
[LOG] SoundI::release                          : Amb_Loop_Honk4 (0x7f965bbe3928)
[LOG] SoundI::release                          :     Amb_Loop_Honk4 (0x7f965d9674f8)
[LOG] SoundI::release                          :     Amb_Loop_Honk4 (0x7f965d967688)
[LOG] SoundI::release                          : Amb_Low_Loop (0x7f96558d9dd8)
[LOG] SoundI::release                          :     Amb_Low_Loop (0x7f965a66bc68)
[LOG] SoundI::release                          :     Amb_Low_Loop (0x7f965bfb0d58)
[LOG] SoundI::release                          : Instru_loop (0x7f965bbbd108)
[LOG] SoundI::release                          :     Instru_loop (0x7f965bb82f28)
[LOG] SoundI::release                          :     Instru_loop (0x7f96558fac08)
[LOG] SoundI::release                          : Amb_Loop_Honk4 (0x7f965bbf6808)
[LOG] SoundI::release                          :     Amb_Loop_Honk4 (0x7f96558e3ba8)
[LOG] SoundI::release                          :     Amb_Loop_Honk4 (0x7f96558f86a8)
[LOG] SoundI::release                          : Amb_Low_Loop (0x7f965bbf2538)
[LOG] SoundI::release                          :     Amb_Low_Loop (0x7f965d966448)
[LOG] SoundI::release                          :     Amb_Low_Loop (0x7f965d961548)
[LOG] SoundI::release                          : Ordi_Fan_02_Loop (0x7f965d94fdb8)
[LOG] SoundI::release                          :     Ordi_Fan_02_Loop (0x7f965584e6e8)
[LOG] SoundI::release                          :     Ordi_Fan_02_Loop (0x7f96558765f8)
[LOG] SoundI::release                          : Ordi_Fan_03_Loop (0x7f965d950408)
[LOG] SoundI::release                          :     Ordi_Fan_03_Loop (0x7f96558556f8)
[LOG] SoundI::release                          :     Ordi_Fan_03_Loop (0x7f9655892458)
[LOG] SoundI::release                          : laptop_2_Loop (0x7f9657c6f268)
[LOG] SoundI::release                          :     laptop_2_Loop (0x7f96558c1408)
[LOG] SoundI::release                          :     laptop_2_Loop (0x7f96558974f8)
[LOG] SoundI::release                          : bus_noises (0x7f965bb3f678)
[LOG] SoundI::release                          :     bus_noises (0x7f96558f53d8)
[LOG] SoundI::release                          :     bus_noises (0x7f965589b038)
[LOG] SoundI::release                          : boat_power_distribution_01 (0x7f965bb40398)
[LOG] SoundI::release                          :     boat_power_distribution_01 (0x7f96558ed628)
[LOG] SoundI::release                          :     boat_power_distribution_01 (0x7f96558a0268)
[LOG] SoundI::release                          : Ordi_Fan_01_Loop (0x7f965bb40d18)
[LOG] SoundI::release                          :     Ordi_Fan_01_Loop (0x7f965d869fc8)
[LOG] SoundI::release                          :     Ordi_Fan_01_Loop (0x7f96558c1e28)
[LOG] SoundI::release                          : Ordi_Fan_02_Loop (0x7f965d94d618)
[LOG] SoundI::release                          :     Ordi_Fan_02_Loop (0x7f965586aac8)
[LOG] SoundI::release                          :     Ordi_Fan_02_Loop (0x7f9655868e08)
[LOG] SoundI::release                          : Ordi_Fan_03_Loop (0x7f965d94d218)
[LOG] SoundI::release                          :     Ordi_Fan_03_Loop (0x7f965586eb88)
[LOG] SoundI::release                          :     Ordi_Fan_03_Loop (0x7f965586d8b8)
[LOG] SoundI::release                          : laptop_2_Loop (0x7f965d94e978)
[LOG] SoundI::release                          :     laptop_2_Loop (0x7f96558966b8)
[LOG] SoundI::release                          :     laptop_2_Loop (0x7f9655891a88)
[LOG] SoundI::release                          : bus_noises (0x7f965d94f618)
[LOG] SoundI::release                          :     bus_noises (0x7f96558e5288)
[LOG] SoundI::release                          :     bus_noises (0x7f96558bb4b8)
[LOG] SoundI::release                          : boat_power_distribution_01 (0x7f965d94fbd8)
[LOG] SoundI::release                          :     boat_power_distribution_01 (0x7f9655826d38)
[LOG] SoundI::release                          :     boat_power_distribution_01 (0x7f96558eb548)
[LOG] SoundI::release                          : Ordi_Fan_01_Loop (0x7f965d94f828)
[LOG] SoundI::release                          :     Ordi_Fan_01_Loop (0x7f9655845d78)
[LOG] SoundI::release                          :     Ordi_Fan_01_Loop (0x7f96558739e8)
[LOG] SoundI::release                          :  (0x7f965bbccf18)
[LOG] SoundI::release                          :     Light_Flick_Light_01 (0x7f965bb560c8)
[LOG] SoundI::release                          :  (0x7f965bb13a88)
[LOG] SoundI::release                          :     Light_Flick_Light_02 (0x7f965bb97bd8)
[LOG] SoundI::release                          :  (0x7f965bbaa528)
[LOG] SoundI::release                          :     - Init -_2 (0x7f965bb41958)
[LOG] SoundI::release                          :  (0x7f965bb226a8)
[LOG] SoundI::release                          :     Amb_Honk_Passby_weird_05 (0x7f965bbb3fb8)
[LOG] SoundI::release                          :  (0x7f965bbd18e8)
[LOG] SoundI::release                          :     Amb_Honk_Passby_Normal_03 (0x7f965bb725e8)
[LOG] SoundI::release                          :  (0x7f965bb8c2c8)
[LOG] SoundI::release                          :     Amb_Honk_Passby_Normal_01 (0x7f965bbad138)
[LOG] SoundI::release                          :  (0x7f965bbc8e78)
[LOG] SoundI::release                          :     Amb_Honk_3D (0x7f965bb501d8)
[LOG] SoundI::release                          :  (0x7f965bb86498)
[LOG] SoundI::release                          :     Amb_Honk_Passby_Normal_05 (0x7f965bb694d8)
[LOG] Thread::callback                         : FMOD Studio update thread finished.
[LOG] Thread::callback                         : FMOD Studio bank load thread finished.
[LOG] Profile::disconnectAll                   : Profiler disconnecting all clients
[LOG] Thread::callback                         : FMOD Studio sample load thread finished.
[LOG] LiveUpdate::release                      : 
[LOG] LiveUpdate::reset                        : Reset connection (reason Disconnected)
[LOG] Thread::callback                         : FMOD stream thread finished.
[LOG] Thread::callback                         : FMOD mixer thread finished.
[LOG] Profile::disconnectAll                   : Profiler disconnecting all clients
[LOG] SystemI::close                           : Closed.
[LOG] Manager::readBank                        : fileversion = 125, compatVersion = 119 (oldest = 44, newest = 125)
[LOG] Manager::readBank                        : fileversion = 125, compatVersion = 119 (oldest = 44, newest = 125)
[LOG] Manager::readBank                        : fileversion = 125, compatVersion = 119 (oldest = 44, newest = 125)
[WRN] PluginEffectModel::init                  : Missing DSP plugin 'Resonance Audio Source'
[WRN] PostLoad::initPluginEffects              : Creating stub DSP plugin model and continuing.
[LOG] PlaybackSystem::acquireMasterBus         : Setting master channel group format to 6
[LOG] Thread::callback                         : FMOD Studio bank load thread finished.
[LOG] Thread::callback                         : FMOD Studio sample load thread finished.
[LOG] LiveUpdate::release                      : 
[LOG] LiveUpdate::reset                        : Reset connection (reason Disconnected)
[LOG] Thread::callback                         : FMOD stream thread finished.
[LOG] Thread::callback                         : FMOD mixer thread finished.
[LOG] Thread::callback                         : FMOD nonblocking thread (0) finished.
[LOG] Thread::callback                         : FMOD file thread finished.
[LOG] SystemI::close                           : Closed.
